<?xml version="1.0" encoding="UTF-8"?>
<testng-results ignored="0" total="4" passed="4" failed="0" skipped="0">
  <reporter-output>
  </reporter-output>
  <suite started-at="2021-07-11T15:36:22 IST" name="Suite" finished-at="2021-07-11T15:36:50 IST" duration-ms="28634">
    <groups>
    </groups>
    <test started-at="2021-07-11T15:36:22 IST" name="Test2" finished-at="2021-07-11T15:36:50 IST" duration-ms="27878">
      <class name="Parallal.Chrome2">
        <test-method is-config="true" signature="setup()[pri:0, instance:Parallal.Chrome2@2c35e847]" started-at="2021-07-11T15:36:22 IST" name="setup" finished-at="2021-07-11T15:36:25 IST" duration-ms="3499" status="PASS">
          <reporter-output>
          </reporter-output>
        </test-method> <!-- setup -->
        <test-method signature="fblogin()[pri:0, instance:Parallal.Chrome2@2c35e847]" started-at="2021-07-11T15:36:25 IST" name="fblogin" finished-at="2021-07-11T15:36:32 IST" duration-ms="6516" status="PASS">
          <reporter-output>
          </reporter-output>
        </test-method> <!-- fblogin -->
        <test-method is-config="true" signature="tearDown()[pri:0, instance:Parallal.Chrome2@2c35e847]" started-at="2021-07-11T15:36:32 IST" name="tearDown" finished-at="2021-07-11T15:36:37 IST" duration-ms="5418" status="PASS">
          <reporter-output>
          </reporter-output>
        </test-method> <!-- tearDown -->
      </class> <!-- Parallal.Chrome2 -->
      <class name="Parallal.Chrome1">
        <test-method is-config="true" signature="setup()[pri:0, instance:Parallal.Chrome1@7bd4937b]" started-at="2021-07-11T15:36:37 IST" name="setup" finished-at="2021-07-11T15:36:39 IST" duration-ms="2082" status="PASS">
          <reporter-output>
          </reporter-output>
        </test-method> <!-- setup -->
        <test-method signature="fblogin()[pri:0, instance:Parallal.Chrome1@7bd4937b]" started-at="2021-07-11T15:36:39 IST" name="fblogin" finished-at="2021-07-11T15:36:44 IST" duration-ms="4845" status="PASS">
          <reporter-output>
          </reporter-output>
        </test-method> <!-- fblogin -->
        <test-method is-config="true" signature="tearDown()[pri:0, instance:Parallal.Chrome1@7bd4937b]" started-at="2021-07-11T15:36:44 IST" name="tearDown" finished-at="2021-07-11T15:36:50 IST" duration-ms="5417" status="PASS">
          <reporter-output>
          </reporter-output>
        </test-method> <!-- tearDown -->
      </class> <!-- Parallal.Chrome1 -->
    </test> <!-- Test2 -->
    <test started-at="2021-07-11T15:36:22 IST" name="Test1" finished-at="2021-07-11T15:36:50 IST" duration-ms="28634">
      <class name="Parallal.Chrome2">
        <test-method is-config="true" signature="setup()[pri:0, instance:Parallal.Chrome2@67c33749]" started-at="2021-07-11T15:36:37 IST" name="setup" finished-at="2021-07-11T15:36:39 IST" duration-ms="2463" status="PASS">
          <reporter-output>
          </reporter-output>
        </test-method> <!-- setup -->
        <test-method signature="fblogin()[pri:0, instance:Parallal.Chrome2@67c33749]" started-at="2021-07-11T15:36:39 IST" name="fblogin" finished-at="2021-07-11T15:36:44 IST" duration-ms="4880" status="PASS">
          <reporter-output>
          </reporter-output>
        </test-method> <!-- fblogin -->
        <test-method is-config="true" signature="tearDown()[pri:0, instance:Parallal.Chrome2@67c33749]" started-at="2021-07-11T15:36:44 IST" name="tearDown" finished-at="2021-07-11T15:36:50 IST" duration-ms="6083" status="PASS">
          <reporter-output>
          </reporter-output>
        </test-method> <!-- tearDown -->
      </class> <!-- Parallal.Chrome2 -->
      <class name="Parallal.Chrome1">
        <test-method is-config="true" signature="setup()[pri:0, instance:Parallal.Chrome1@63a12c68]" started-at="2021-07-11T15:36:22 IST" name="setup" finished-at="2021-07-11T15:36:25 IST" duration-ms="3581" status="PASS">
          <reporter-output>
          </reporter-output>
        </test-method> <!-- setup -->
        <test-method signature="fblogin()[pri:0, instance:Parallal.Chrome1@63a12c68]" started-at="2021-07-11T15:36:25 IST" name="fblogin" finished-at="2021-07-11T15:36:32 IST" duration-ms="6168" status="PASS">
          <reporter-output>
          </reporter-output>
        </test-method> <!-- fblogin -->
        <test-method is-config="true" signature="tearDown()[pri:0, instance:Parallal.Chrome1@63a12c68]" started-at="2021-07-11T15:36:32 IST" name="tearDown" finished-at="2021-07-11T15:36:37 IST" duration-ms="5397" status="PASS">
          <reporter-output>
          </reporter-output>
        </test-method> <!-- tearDown -->
      </class> <!-- Parallal.Chrome1 -->
    </test> <!-- Test1 -->
  </suite> <!-- Suite -->
</testng-results>
